Copyright 1986-2022 Xilinx, Inc. All Rights Reserved. Copyright 2022-2024 Advanced Micro Devices, Inc. All Rights Reserved.
------------------------------------------------------------------------------------------------------------------------------------------------------------------------------------------------------------------------------------------
| Tool Version : Vivado v.2024.2 (lin64) Build 5239630 Fri Nov 08 22:34:34 MST 2024
| Date         : Mon Apr 20 09:48:17 2026
| Host         : hp-arch running 64-bit Arch Linux
| Command      : report_timing_summary -max_paths 10 -report_unconstrained -file comparator_2bit_timing_summary_routed.rpt -pb comparator_2bit_timing_summary_routed.pb -rpx comparator_2bit_timing_summary_routed.rpx -warn_on_violation
| Design       : comparator_2bit
| Device       : 7z020-clg400
| Speed File   : -1  PRODUCTION 1.12 2019-11-22
| Design State : Routed
------------------------------------------------------------------------------------------------------------------------------------------------------------------------------------------------------------------------------------------

Timing Summary Report

------------------------------------------------------------------------------------------------
| Timer Settings
| --------------
------------------------------------------------------------------------------------------------

  Enable Multi Corner Analysis               :  Yes
  Enable Pessimism Removal                   :  Yes
  Pessimism Removal Resolution               :  Nearest Common Node
  Enable Input Delay Default Clock           :  No
  Enable Preset / Clear Arcs                 :  No
  Disable Flight Delays                      :  No
  Ignore I/O Paths                           :  No
  Timing Early Launch at Borrowing Latches   :  No
  Borrow Time for Max Delay Exceptions       :  Yes
  Merge Timing Exceptions                    :  Yes
  Inter-SLR Compensation                     :  Conservative

  Corner  Analyze    Analyze    
  Name    Max Paths  Min Paths  
  ------  ---------  ---------  
  Slow    Yes        Yes        
  Fast    Yes        Yes        


------------------------------------------------------------------------------------------------
| Report Methodology
| ------------------
------------------------------------------------------------------------------------------------

No report available as report_methodology has not been run prior. Run report_methodology on the current design for the summary of methodology violations.



check_timing report

Table of Contents
-----------------
1. checking no_clock (0)
2. checking constant_clock (0)
3. checking pulse_width_clock (0)
4. checking unconstrained_internal_endpoints (0)
5. checking no_input_delay (0)
6. checking no_output_delay (0)
7. checking multiple_clock (0)
8. checking generated_clocks (0)
9. checking loops (0)
10. checking partial_input_delay (0)
11. checking partial_output_delay (0)
12. checking latch_loops (0)

1. checking no_clock (0)
------------------------
 There are 0 register/latch pins with no clock.


2. checking constant_clock (0)
------------------------------
 There are 0 register/latch pins with constant_clock.


3. checking pulse_width_clock (0)
---------------------------------
 There are 0 register/latch pins which need pulse_width check


4. checking unconstrained_internal_endpoints (0)
------------------------------------------------
 There are 0 pins that are not constrained for maximum delay.

 There are 0 pins that are not constrained for maximum delay due to constant clock.


5. checking no_input_delay (0)
------------------------------
 There are 0 input ports with no input delay specified.

 There are 0 input ports with no input delay but user has a false path constraint.


6. checking no_output_delay (0)
-------------------------------
 There are 0 ports with no output delay specified.

 There are 0 ports with no output delay but user has a false path constraint

 There are 0 ports with no output delay but with a timing clock defined on it or propagating through it


7. checking multiple_clock (0)
------------------------------
 There are 0 register/latch pins with multiple clocks.


8. checking generated_clocks (0)
--------------------------------
 There are 0 generated clocks that are not connected to a clock source.


9. checking loops (0)
---------------------
 There are 0 combinational loops in the design.


10. checking partial_input_delay (0)
------------------------------------
 There are 0 input ports with partial input delay specified.


11. checking partial_output_delay (0)
-------------------------------------
 There are 0 ports with partial output delay specified.


12. checking latch_loops (0)
----------------------------
 There are 0 combinational latch loops in the design through latch input



------------------------------------------------------------------------------------------------
| Design Timing Summary
| ---------------------
------------------------------------------------------------------------------------------------

    WNS(ns)      TNS(ns)  TNS Failing Endpoints  TNS Total Endpoints      WHS(ns)      THS(ns)  THS Failing Endpoints  THS Total Endpoints     WPWS(ns)     TPWS(ns)  TPWS Failing Endpoints  TPWS Total Endpoints  
    -------      -------  ---------------------  -------------------      -------      -------  ---------------------  -------------------     --------     --------  ----------------------  --------------------  
        inf        0.000                      0                    3          inf        0.000                      0                    3           NA           NA                      NA                    NA  


There are no user specified timing constraints.


------------------------------------------------------------------------------------------------
| Clock Summary
| -------------
------------------------------------------------------------------------------------------------


------------------------------------------------------------------------------------------------
| Intra Clock Table
| -----------------
------------------------------------------------------------------------------------------------

Clock             WNS(ns)      TNS(ns)  TNS Failing Endpoints  TNS Total Endpoints      WHS(ns)      THS(ns)  THS Failing Endpoints  THS Total Endpoints     WPWS(ns)     TPWS(ns)  TPWS Failing Endpoints  TPWS Total Endpoints  
-----             -------      -------  ---------------------  -------------------      -------      -------  ---------------------  -------------------     --------     --------  ----------------------  --------------------  


------------------------------------------------------------------------------------------------
| Inter Clock Table
| -----------------
------------------------------------------------------------------------------------------------

From Clock    To Clock          WNS(ns)      TNS(ns)  TNS Failing Endpoints  TNS Total Endpoints      WHS(ns)      THS(ns)  THS Failing Endpoints  THS Total Endpoints  
----------    --------          -------      -------  ---------------------  -------------------      -------      -------  ---------------------  -------------------  


------------------------------------------------------------------------------------------------
| Other Path Groups Table
| -----------------------
------------------------------------------------------------------------------------------------

Path Group    From Clock    To Clock          WNS(ns)      TNS(ns)  TNS Failing Endpoints  TNS Total Endpoints      WHS(ns)      THS(ns)  THS Failing Endpoints  THS Total Endpoints  
----------    ----------    --------          -------      -------  ---------------------  -------------------      -------      -------  ---------------------  -------------------  


------------------------------------------------------------------------------------------------
| User Ignored Path Table
| -----------------------
------------------------------------------------------------------------------------------------

Path Group    From Clock    To Clock    
----------    ----------    --------    


------------------------------------------------------------------------------------------------
| Unconstrained Path Table
| ------------------------
------------------------------------------------------------------------------------------------

Path Group    From Clock    To Clock    
----------    ----------    --------    
(none)                                    


------------------------------------------------------------------------------------------------
| Timing Details
| --------------
------------------------------------------------------------------------------------------------


--------------------------------------------------------------------------------------
Path Group:  (none)
From Clock:  
  To Clock:  

Max Delay             3 Endpoints
Min Delay             3 Endpoints
--------------------------------------------------------------------------------------


Max Delay Paths
--------------------------------------------------------------------------------------
Slack:                    inf
  Source:                 A0
                            (input port)
  Destination:            A_gt_B
                            (output port)
  Path Group:             (none)
  Path Type:              Max at Slow Process Corner
  Data Path Delay:        10.093ns  (logic 5.346ns (52.965%)  route 4.747ns (47.035%))
  Logic Levels:           3  (IBUF=1 LUT4=1 OBUF=1)

    Location             Delay type                Incr(ns)  Path(ns)    Netlist Resource(s)
  -------------------------------------------------------------------    -------------------
    D20                                               0.000     0.000 r  A0 (IN)
                         net (fo=0)                   0.000     0.000    A0
    D20                  IBUF (Prop_ibuf_I_O)         1.464     1.464 r  A0_IBUF_inst/O
                         net (fo=3, routed)           1.478     2.941    A0_IBUF
    SLICE_X113Y131       LUT4 (Prop_lut4_I0_O)        0.150     3.091 r  A_gt_B_OBUF_inst_i_1/O
                         net (fo=1, routed)           3.270     6.361    A_gt_B_OBUF
    R14                  OBUF (Prop_obuf_I_O)         3.732    10.093 r  A_gt_B_OBUF_inst/O
                         net (fo=0)                   0.000    10.093    A_gt_B
    R14                                                               r  A_gt_B (OUT)
  -------------------------------------------------------------------    -------------------

Slack:                    inf
  Source:                 A0
                            (input port)
  Destination:            A_lt_B
                            (output port)
  Path Group:             (none)
  Path Type:              Max at Slow Process Corner
  Data Path Delay:        9.893ns  (logic 5.145ns (52.011%)  route 4.747ns (47.989%))
  Logic Levels:           3  (IBUF=1 LUT4=1 OBUF=1)

    Location             Delay type                Incr(ns)  Path(ns)    Netlist Resource(s)
  -------------------------------------------------------------------    -------------------
    D20                                               0.000     0.000 f  A0 (IN)
                         net (fo=0)                   0.000     0.000    A0
    D20                  IBUF (Prop_ibuf_I_O)         1.464     1.464 f  A0_IBUF_inst/O
                         net (fo=3, routed)           1.478     2.941    A0_IBUF
    SLICE_X113Y131       LUT4 (Prop_lut4_I1_O)        0.124     3.065 r  A_lt_B_OBUF_inst_i_1/O
                         net (fo=1, routed)           3.270     6.335    A_lt_B_OBUF
    P14                  OBUF (Prop_obuf_I_O)         3.557     9.893 r  A_lt_B_OBUF_inst/O
                         net (fo=0)                   0.000     9.893    A_lt_B
    P14                                                               r  A_lt_B (OUT)
  -------------------------------------------------------------------    -------------------

Slack:                    inf
  Source:                 A0
                            (input port)
  Destination:            A_eq_B
                            (output port)
  Path Group:             (none)
  Path Type:              Max at Slow Process Corner
  Data Path Delay:        9.016ns  (logic 5.160ns (57.232%)  route 3.856ns (42.768%))
  Logic Levels:           3  (IBUF=1 LUT4=1 OBUF=1)

    Location             Delay type                Incr(ns)  Path(ns)    Netlist Resource(s)
  -------------------------------------------------------------------    -------------------
    D20                                               0.000     0.000 r  A0 (IN)
                         net (fo=0)                   0.000     0.000    A0
    D20                  IBUF (Prop_ibuf_I_O)         1.464     1.464 r  A0_IBUF_inst/O
                         net (fo=3, routed)           1.483     2.946    A0_IBUF
    SLICE_X113Y131       LUT4 (Prop_lut4_I2_O)        0.124     3.070 r  A_eq_B_OBUF_inst_i_1/O
                         net (fo=1, routed)           2.374     5.444    A_eq_B_OBUF
    N16                  OBUF (Prop_obuf_I_O)         3.572     9.016 r  A_eq_B_OBUF_inst/O
                         net (fo=0)                   0.000     9.016    A_eq_B
    N16                                                               r  A_eq_B (OUT)
  -------------------------------------------------------------------    -------------------





Min Delay Paths
--------------------------------------------------------------------------------------
Slack:                    inf
  Source:                 B0
                            (input port)
  Destination:            A_eq_B
                            (output port)
  Path Group:             (none)
  Path Type:              Min at Fast Process Corner
  Data Path Delay:        2.592ns  (logic 1.593ns (61.458%)  route 0.999ns (38.542%))
  Logic Levels:           3  (IBUF=1 LUT4=1 OBUF=1)

    Location             Delay type                Incr(ns)  Path(ns)    Netlist Resource(s)
  -------------------------------------------------------------------    -------------------
    L19                                               0.000     0.000 r  B0 (IN)
                         net (fo=0)                   0.000     0.000    B0
    L19                  IBUF (Prop_ibuf_I_O)         0.275     0.275 r  B0_IBUF_inst/O
                         net (fo=3, routed)           0.346     0.622    B0_IBUF
    SLICE_X113Y131       LUT4 (Prop_lut4_I3_O)        0.045     0.667 r  A_eq_B_OBUF_inst_i_1/O
                         net (fo=1, routed)           0.653     1.319    A_eq_B_OBUF
    N16                  OBUF (Prop_obuf_I_O)         1.273     2.592 r  A_eq_B_OBUF_inst/O
                         net (fo=0)                   0.000     2.592    A_eq_B
    N16                                                               r  A_eq_B (OUT)
  -------------------------------------------------------------------    -------------------

Slack:                    inf
  Source:                 B1
                            (input port)
  Destination:            A_lt_B
                            (output port)
  Path Group:             (none)
  Path Type:              Min at Fast Process Corner
  Data Path Delay:        2.988ns  (logic 1.584ns (52.997%)  route 1.404ns (47.003%))
  Logic Levels:           3  (IBUF=1 LUT4=1 OBUF=1)

    Location             Delay type                Incr(ns)  Path(ns)    Netlist Resource(s)
  -------------------------------------------------------------------    -------------------
    L20                                               0.000     0.000 r  B1 (IN)
                         net (fo=0)                   0.000     0.000    B1
    L20                  IBUF (Prop_ibuf_I_O)         0.281     0.281 r  B1_IBUF_inst/O
                         net (fo=3, routed)           0.388     0.668    B1_IBUF
    SLICE_X113Y131       LUT4 (Prop_lut4_I2_O)        0.045     0.713 r  A_lt_B_OBUF_inst_i_1/O
                         net (fo=1, routed)           1.017     1.730    A_lt_B_OBUF
    P14                  OBUF (Prop_obuf_I_O)         1.258     2.988 r  A_lt_B_OBUF_inst/O
                         net (fo=0)                   0.000     2.988    A_lt_B
    P14                                                               r  A_lt_B (OUT)
  -------------------------------------------------------------------    -------------------

Slack:                    inf
  Source:                 B1
                            (input port)
  Destination:            A_gt_B
                            (output port)
  Path Group:             (none)
  Path Type:              Min at Fast Process Corner
  Data Path Delay:        3.040ns  (logic 1.619ns (53.273%)  route 1.420ns (46.727%))
  Logic Levels:           3  (IBUF=1 LUT4=1 OBUF=1)

    Location             Delay type                Incr(ns)  Path(ns)    Netlist Resource(s)
  -------------------------------------------------------------------    -------------------
    L20                                               0.000     0.000 f  B1 (IN)
                         net (fo=0)                   0.000     0.000    B1
    L20                  IBUF (Prop_ibuf_I_O)         0.281     0.281 f  B1_IBUF_inst/O
                         net (fo=3, routed)           0.388     0.668    B1_IBUF
    SLICE_X113Y131       LUT4 (Prop_lut4_I2_O)        0.046     0.714 r  A_gt_B_OBUF_inst_i_1/O
                         net (fo=1, routed)           1.033     1.747    A_gt_B_OBUF
    R14                  OBUF (Prop_obuf_I_O)         1.293     3.040 r  A_gt_B_OBUF_inst/O
                         net (fo=0)                   0.000     3.040    A_gt_B
    R14                                                               r  A_gt_B (OUT)
  -------------------------------------------------------------------    -------------------





