Copyright 1986-2022 Xilinx, Inc. All Rights Reserved. Copyright 2022-2024 Advanced Micro Devices, Inc. All Rights Reserved.
---------------------------------------------------------------------------------------------------------------------------------------------------------------------------------------------------------------------
| Tool Version : Vivado v.2024.2 (lin64) Build 5239630 Fri Nov 08 22:34:34 MST 2024
| Date         : Mon May  4 10:09:22 2026
| Host         : hp-arch running 64-bit Arch Linux
| Command      : report_timing_summary -max_paths 10 -report_unconstrained -file bin2led7_timing_summary_routed.rpt -pb bin2led7_timing_summary_routed.pb -rpx bin2led7_timing_summary_routed.rpx -warn_on_violation
| Design       : bin2led7
| Device       : 7z020-clg400
| Speed File   : -1  PRODUCTION 1.12 2019-11-22
| Design State : Routed
---------------------------------------------------------------------------------------------------------------------------------------------------------------------------------------------------------------------

Timing Summary Report

------------------------------------------------------------------------------------------------
| Timer Settings
| --------------
------------------------------------------------------------------------------------------------

  Enable Multi Corner Analysis               :  Yes
  Enable Pessimism Removal                   :  Yes
  Pessimism Removal Resolution               :  Nearest Common Node
  Enable Input Delay Default Clock           :  No
  Enable Preset / Clear Arcs                 :  No
  Disable Flight Delays                      :  No
  Ignore I/O Paths                           :  No
  Timing Early Launch at Borrowing Latches   :  No
  Borrow Time for Max Delay Exceptions       :  Yes
  Merge Timing Exceptions                    :  Yes
  Inter-SLR Compensation                     :  Conservative

  Corner  Analyze    Analyze    
  Name    Max Paths  Min Paths  
  ------  ---------  ---------  
  Slow    Yes        Yes        
  Fast    Yes        Yes        


------------------------------------------------------------------------------------------------
| Report Methodology
| ------------------
------------------------------------------------------------------------------------------------

No report available as report_methodology has not been run prior. Run report_methodology on the current design for the summary of methodology violations.



check_timing report

Table of Contents
-----------------
1. checking no_clock (0)
2. checking constant_clock (0)
3. checking pulse_width_clock (0)
4. checking unconstrained_internal_endpoints (0)
5. checking no_input_delay (0)
6. checking no_output_delay (0)
7. checking multiple_clock (0)
8. checking generated_clocks (0)
9. checking loops (0)
10. checking partial_input_delay (0)
11. checking partial_output_delay (0)
12. checking latch_loops (0)

1. checking no_clock (0)
------------------------
 There are 0 register/latch pins with no clock.


2. checking constant_clock (0)
------------------------------
 There are 0 register/latch pins with constant_clock.


3. checking pulse_width_clock (0)
---------------------------------
 There are 0 register/latch pins which need pulse_width check


4. checking unconstrained_internal_endpoints (0)
------------------------------------------------
 There are 0 pins that are not constrained for maximum delay.

 There are 0 pins that are not constrained for maximum delay due to constant clock.


5. checking no_input_delay (0)
------------------------------
 There are 0 input ports with no input delay specified.

 There are 0 input ports with no input delay but user has a false path constraint.


6. checking no_output_delay (0)
-------------------------------
 There are 0 ports with no output delay specified.

 There are 0 ports with no output delay but user has a false path constraint

 There are 0 ports with no output delay but with a timing clock defined on it or propagating through it


7. checking multiple_clock (0)
------------------------------
 There are 0 register/latch pins with multiple clocks.


8. checking generated_clocks (0)
--------------------------------
 There are 0 generated clocks that are not connected to a clock source.


9. checking loops (0)
---------------------
 There are 0 combinational loops in the design.


10. checking partial_input_delay (0)
------------------------------------
 There are 0 input ports with partial input delay specified.


11. checking partial_output_delay (0)
-------------------------------------
 There are 0 ports with partial output delay specified.


12. checking latch_loops (0)
----------------------------
 There are 0 combinational latch loops in the design through latch input



------------------------------------------------------------------------------------------------
| Design Timing Summary
| ---------------------
------------------------------------------------------------------------------------------------

    WNS(ns)      TNS(ns)  TNS Failing Endpoints  TNS Total Endpoints      WHS(ns)      THS(ns)  THS Failing Endpoints  THS Total Endpoints     WPWS(ns)     TPWS(ns)  TPWS Failing Endpoints  TPWS Total Endpoints  
    -------      -------  ---------------------  -------------------      -------      -------  ---------------------  -------------------     --------     --------  ----------------------  --------------------  
        inf        0.000                      0                    4          inf        0.000                      0                    4           NA           NA                      NA                    NA  


There are no user specified timing constraints.


------------------------------------------------------------------------------------------------
| Clock Summary
| -------------
------------------------------------------------------------------------------------------------


------------------------------------------------------------------------------------------------
| Intra Clock Table
| -----------------
------------------------------------------------------------------------------------------------

Clock             WNS(ns)      TNS(ns)  TNS Failing Endpoints  TNS Total Endpoints      WHS(ns)      THS(ns)  THS Failing Endpoints  THS Total Endpoints     WPWS(ns)     TPWS(ns)  TPWS Failing Endpoints  TPWS Total Endpoints  
-----             -------      -------  ---------------------  -------------------      -------      -------  ---------------------  -------------------     --------     --------  ----------------------  --------------------  


------------------------------------------------------------------------------------------------
| Inter Clock Table
| -----------------
------------------------------------------------------------------------------------------------

From Clock    To Clock          WNS(ns)      TNS(ns)  TNS Failing Endpoints  TNS Total Endpoints      WHS(ns)      THS(ns)  THS Failing Endpoints  THS Total Endpoints  
----------    --------          -------      -------  ---------------------  -------------------      -------      -------  ---------------------  -------------------  


------------------------------------------------------------------------------------------------
| Other Path Groups Table
| -----------------------
------------------------------------------------------------------------------------------------

Path Group    From Clock    To Clock          WNS(ns)      TNS(ns)  TNS Failing Endpoints  TNS Total Endpoints      WHS(ns)      THS(ns)  THS Failing Endpoints  THS Total Endpoints  
----------    ----------    --------          -------      -------  ---------------------  -------------------      -------      -------  ---------------------  -------------------  


------------------------------------------------------------------------------------------------
| User Ignored Path Table
| -----------------------
------------------------------------------------------------------------------------------------

Path Group    From Clock    To Clock    
----------    ----------    --------    


------------------------------------------------------------------------------------------------
| Unconstrained Path Table
| ------------------------
------------------------------------------------------------------------------------------------

Path Group    From Clock    To Clock    
----------    ----------    --------    
(none)                                    


------------------------------------------------------------------------------------------------
| Timing Details
| --------------
------------------------------------------------------------------------------------------------


--------------------------------------------------------------------------------------
Path Group:  (none)
From Clock:  
  To Clock:  

Max Delay             4 Endpoints
Min Delay             4 Endpoints
--------------------------------------------------------------------------------------


Max Delay Paths
--------------------------------------------------------------------------------------
Slack:                    inf
  Source:                 enable
                            (input port)
  Destination:            led_out[2]
                            (output port)
  Path Group:             (none)
  Path Type:              Max at Slow Process Corner
  Data Path Delay:        15.511ns  (logic 5.187ns (33.438%)  route 10.324ns (66.562%))
  Logic Levels:           3  (IBUF=1 LUT2=1 OBUF=1)

    Location             Delay type                Incr(ns)  Path(ns)    Netlist Resource(s)
  -------------------------------------------------------------------    -------------------
    M20                                               0.000     0.000 r  enable (IN)
                         net (fo=0)                   0.000     0.000    enable
    M20                  IBUF (Prop_ibuf_I_O)         1.542     1.542 r  enable_IBUF_inst/O
                         net (fo=4, routed)           1.579     3.121    enable_IBUF
    SLICE_X113Y131       LUT2 (Prop_lut2_I1_O)        0.124     3.245 r  led_out_OBUF[2]_inst_i_1/O
                         net (fo=1, routed)           8.745    11.991    led_out_OBUF[2]
    V6                   OBUF (Prop_obuf_I_O)         3.520    15.511 r  led_out_OBUF[2]_inst/O
                         net (fo=0)                   0.000    15.511    led_out[2]
    V6                                                                r  led_out[2] (OUT)
  -------------------------------------------------------------------    -------------------

Slack:                    inf
  Source:                 enable
                            (input port)
  Destination:            led_out[0]
                            (output port)
  Path Group:             (none)
  Path Type:              Max at Slow Process Corner
  Data Path Delay:        15.493ns  (logic 5.409ns (34.912%)  route 10.084ns (65.088%))
  Logic Levels:           3  (IBUF=1 LUT2=1 OBUF=1)

    Location             Delay type                Incr(ns)  Path(ns)    Netlist Resource(s)
  -------------------------------------------------------------------    -------------------
    M20                                               0.000     0.000 r  enable (IN)
                         net (fo=0)                   0.000     0.000    enable
    M20                  IBUF (Prop_ibuf_I_O)         1.542     1.542 r  enable_IBUF_inst/O
                         net (fo=4, routed)           1.580     3.122    enable_IBUF
    SLICE_X113Y131       LUT2 (Prop_lut2_I1_O)        0.152     3.274 r  led_out_OBUF[0]_inst_i_1/O
                         net (fo=1, routed)           8.504    11.778    led_out_OBUF[0]
    U5                   OBUF (Prop_obuf_I_O)         3.715    15.493 r  led_out_OBUF[0]_inst/O
                         net (fo=0)                   0.000    15.493    led_out[0]
    U5                                                                r  led_out[0] (OUT)
  -------------------------------------------------------------------    -------------------

Slack:                    inf
  Source:                 enable
                            (input port)
  Destination:            led_out[3]
                            (output port)
  Path Group:             (none)
  Path Type:              Max at Slow Process Corner
  Data Path Delay:        13.432ns  (logic 5.531ns (41.173%)  route 7.902ns (58.827%))
  Logic Levels:           3  (IBUF=1 LUT2=1 OBUF=1)

    Location             Delay type                Incr(ns)  Path(ns)    Netlist Resource(s)
  -------------------------------------------------------------------    -------------------
    M20                                               0.000     0.000 r  enable (IN)
                         net (fo=0)                   0.000     0.000    enable
    M20                  IBUF (Prop_ibuf_I_O)         1.542     1.542 r  enable_IBUF_inst/O
                         net (fo=4, routed)           1.579     3.121    enable_IBUF
    SLICE_X113Y131       LUT2 (Prop_lut2_I1_O)        0.152     3.273 r  led_out_OBUF[3]_inst_i_1/O
                         net (fo=1, routed)           6.323     9.596    led_out_OBUF[3]
    U7                   OBUF (Prop_obuf_I_O)         3.836    13.432 r  led_out_OBUF[3]_inst/O
                         net (fo=0)                   0.000    13.432    led_out[3]
    U7                                                                r  led_out[3] (OUT)
  -------------------------------------------------------------------    -------------------

Slack:                    inf
  Source:                 enable
                            (input port)
  Destination:            led_out[1]
                            (output port)
  Path Group:             (none)
  Path Type:              Max at Slow Process Corner
  Data Path Delay:        13.395ns  (logic 5.206ns (38.865%)  route 8.189ns (61.135%))
  Logic Levels:           3  (IBUF=1 LUT2=1 OBUF=1)

    Location             Delay type                Incr(ns)  Path(ns)    Netlist Resource(s)
  -------------------------------------------------------------------    -------------------
    M20                                               0.000     0.000 r  enable (IN)
                         net (fo=0)                   0.000     0.000    enable
    M20                  IBUF (Prop_ibuf_I_O)         1.542     1.542 r  enable_IBUF_inst/O
                         net (fo=4, routed)           1.580     3.122    enable_IBUF
    SLICE_X113Y131       LUT2 (Prop_lut2_I1_O)        0.124     3.246 r  led_out_OBUF[1]_inst_i_1/O
                         net (fo=1, routed)           6.609     9.855    led_out_OBUF[1]
    V5                   OBUF (Prop_obuf_I_O)         3.539    13.395 r  led_out_OBUF[1]_inst/O
                         net (fo=0)                   0.000    13.395    led_out[1]
    V5                                                                r  led_out[1] (OUT)
  -------------------------------------------------------------------    -------------------





Min Delay Paths
--------------------------------------------------------------------------------------
Slack:                    inf
  Source:                 bin_in[3]
                            (input port)
  Destination:            led_out[3]
                            (output port)
  Path Group:             (none)
  Path Type:              Min at Fast Process Corner
  Data Path Delay:        4.554ns  (logic 1.715ns (37.668%)  route 2.838ns (62.332%))
  Logic Levels:           3  (IBUF=1 LUT2=1 OBUF=1)

    Location             Delay type                Incr(ns)  Path(ns)    Netlist Resource(s)
  -------------------------------------------------------------------    -------------------
    L19                                               0.000     0.000 r  bin_in[3] (IN)
                         net (fo=0)                   0.000     0.000    bin_in[3]
    L19                  IBUF (Prop_ibuf_I_O)         0.275     0.275 r  bin_in_IBUF[3]_inst/O
                         net (fo=1, routed)           0.504     0.779    bin_in_IBUF[3]
    SLICE_X113Y131       LUT2 (Prop_lut2_I0_O)        0.045     0.824 r  led_out_OBUF[3]_inst_i_1/O
                         net (fo=1, routed)           2.335     3.159    led_out_OBUF[3]
    U7                   OBUF (Prop_obuf_I_O)         1.395     4.554 r  led_out_OBUF[3]_inst/O
                         net (fo=0)                   0.000     4.554    led_out[3]
    U7                                                                r  led_out[3] (OUT)
  -------------------------------------------------------------------    -------------------

Slack:                    inf
  Source:                 bin_in[1]
                            (input port)
  Destination:            led_out[1]
                            (output port)
  Path Group:             (none)
  Path Type:              Min at Fast Process Corner
  Data Path Delay:        4.620ns  (logic 1.517ns (32.842%)  route 3.103ns (67.158%))
  Logic Levels:           3  (IBUF=1 LUT2=1 OBUF=1)

    Location             Delay type                Incr(ns)  Path(ns)    Netlist Resource(s)
  -------------------------------------------------------------------    -------------------
    D20                                               0.000     0.000 r  bin_in[1] (IN)
                         net (fo=0)                   0.000     0.000    bin_in[1]
    D20                  IBUF (Prop_ibuf_I_O)         0.232     0.232 r  bin_in_IBUF[1]_inst/O
                         net (fo=1, routed)           0.568     0.800    bin_in_IBUF[1]
    SLICE_X113Y131       LUT2 (Prop_lut2_I0_O)        0.045     0.845 r  led_out_OBUF[1]_inst_i_1/O
                         net (fo=1, routed)           2.535     3.379    led_out_OBUF[1]
    V5                   OBUF (Prop_obuf_I_O)         1.240     4.620 r  led_out_OBUF[1]_inst/O
                         net (fo=0)                   0.000     4.620    led_out[1]
    V5                                                                r  led_out[1] (OUT)
  -------------------------------------------------------------------    -------------------

Slack:                    inf
  Source:                 bin_in[2]
                            (input port)
  Destination:            led_out[2]
                            (output port)
  Path Group:             (none)
  Path Type:              Min at Fast Process Corner
  Data Path Delay:        5.705ns  (logic 1.547ns (27.114%)  route 4.158ns (72.886%))
  Logic Levels:           3  (IBUF=1 LUT2=1 OBUF=1)

    Location             Delay type                Incr(ns)  Path(ns)    Netlist Resource(s)
  -------------------------------------------------------------------    -------------------
    L20                                               0.000     0.000 r  bin_in[2] (IN)
                         net (fo=0)                   0.000     0.000    bin_in[2]
    L20                  IBUF (Prop_ibuf_I_O)         0.281     0.281 r  bin_in_IBUF[2]_inst/O
                         net (fo=1, routed)           0.375     0.656    bin_in_IBUF[2]
    SLICE_X113Y131       LUT2 (Prop_lut2_I0_O)        0.045     0.701 r  led_out_OBUF[2]_inst_i_1/O
                         net (fo=1, routed)           3.783     4.484    led_out_OBUF[2]
    V6                   OBUF (Prop_obuf_I_O)         1.221     5.705 r  led_out_OBUF[2]_inst/O
                         net (fo=0)                   0.000     5.705    led_out[2]
    V6                                                                r  led_out[2] (OUT)
  -------------------------------------------------------------------    -------------------

Slack:                    inf
  Source:                 bin_in[0]
                            (input port)
  Destination:            led_out[0]
                            (output port)
  Path Group:             (none)
  Path Type:              Min at Fast Process Corner
  Data Path Delay:        5.739ns  (logic 1.555ns (27.097%)  route 4.184ns (72.903%))
  Logic Levels:           3  (IBUF=1 LUT2=1 OBUF=1)

    Location             Delay type                Incr(ns)  Path(ns)    Netlist Resource(s)
  -------------------------------------------------------------------    -------------------
    D19                                               0.000     0.000 r  bin_in[0] (IN)
                         net (fo=0)                   0.000     0.000    bin_in[0]
    D19                  IBUF (Prop_ibuf_I_O)         0.231     0.231 r  bin_in_IBUF[0]_inst/O
                         net (fo=1, routed)           0.483     0.714    bin_in_IBUF[0]
    SLICE_X113Y131       LUT2 (Prop_lut2_I0_O)        0.048     0.762 r  led_out_OBUF[0]_inst_i_1/O
                         net (fo=1, routed)           3.701     4.463    led_out_OBUF[0]
    U5                   OBUF (Prop_obuf_I_O)         1.276     5.739 r  led_out_OBUF[0]_inst/O
                         net (fo=0)                   0.000     5.739    led_out[0]
    U5                                                                r  led_out[0] (OUT)
  -------------------------------------------------------------------    -------------------





